<?xml version="1.0" encoding="UTF-8"?>
<!-- Generated by org.testng.reporters.JUnitReportReporter -->
<testsuite skipped="0" hostname="DESKTOP-LOQTLBC" name="com.olcademy.enroll.EnrollShowall" tests="3" failures="0" timestamp="2020-06-03T18:35:22 IST" time="100.007" errors="0">
  <testcase name="login" time="27.617" classname="com.olcademy.enroll.EnrollShowall"/>
  <testcase name="enroll" time="37.806" classname="com.olcademy.enroll.EnrollShowall"/>
  <testcase name="addToCart" time="34.584" classname="com.olcademy.enroll.EnrollShowall"/>
</testsuite> <!-- com.olcademy.enroll.EnrollShowall -->
