<?xml version="1.0" encoding="UTF-8"?>
<!-- Generated by org.testng.reporters.JUnitReportReporter -->
<testsuite skipped="0" hostname="DESKTOP-LOQTLBC" name="com.olcademy.enroll.EnrollWishlist" tests="1" failures="0" timestamp="2020-06-04T16:29:40 IST" time="130.661" errors="0">
  <testcase name="enrollWishlist" time="130.661" classname="com.olcademy.enroll.EnrollWishlist"/>
</testsuite> <!-- com.olcademy.enroll.EnrollWishlist -->
