<?xml version="1.0" encoding="UTF-8"?>
<!-- Generated by org.testng.reporters.JUnitReportReporter -->
<testsuite skipped="0" hostname="DESKTOP-LOQTLBC" name="com.olcademy.enroll.EnrollCourse" tests="1" failures="0" timestamp="2020-05-30T16:02:30 IST" time="128.312" errors="0">
  <testcase name="enroll" time="128.312" classname="com.olcademy.enroll.EnrollCourse"/>
</testsuite> <!-- com.olcademy.enroll.EnrollCourse -->
